<?xml version="1.0" encoding="utf-8"?>
<TestRun id="1db3153d-5a50-4e94-bd35-846b0a915452" name="Family@DESKTOP-U38BHEQ 2026-06-20 23:53:41" runUser="DESKTOP-U38BHEQ\Family" xmlns="http://microsoft.com/schemas/VisualStudio/TeamTest/2010">
  <Times creation="2026-06-20T23:53:41.7710050-05:00" queuing="2026-06-20T23:53:41.7710061-05:00" start="2026-06-20T23:52:59.1610165-05:00" finish="2026-06-20T23:53:41.8030178-05:00" />
  <TestSettings name="default" id="42d19421-d259-4266-b6a1-0a2308af3e23">
    <Deployment runDeploymentRoot="Family_DESKTOP-U38BHEQ_2026-06-20_23_53_41" />
  </TestSettings>
  <Results>
    <UnitTestResult executionId="41677c7d-a150-490e-8f68-2afe0fd1d7c3" testId="149252d9-9c22-827a-affe-0d266b0e4aa8" testName="RealizarCompraExitosa_E2E" computerName="DESKTOP-U38BHEQ" duration="00:00:39.4961393" startTime="2026-06-20T23:53:01.7941367-05:00" endTime="2026-06-20T23:53:41.4083139-05:00" testType="13cdc9d9-ddb5-4fa4-a97d-d965ccfc6d4b" outcome="Passed" testListId="8c84fa94-04c1-424b-9868-57a2d4851a1d" relativeResultsDirectory="41677c7d-a150-490e-8f68-2afe0fd1d7c3" />
  </Results>
  <TestDefinitions>
    <UnitTest name="RealizarCompraExitosa_E2E" storage="c:\users\family\source\repos\automatizacionsaucedemo\bin\debug\net8.0\automatizacionsaucedemo.dll" id="149252d9-9c22-827a-affe-0d266b0e4aa8">
      <Execution id="41677c7d-a150-490e-8f68-2afe0fd1d7c3" />
      <TestMethod codeBase="C:\Users\Family\source\repos\AutomatizacionSauceDemo\bin\Debug\net8.0\AutomatizacionSauceDemo.dll" adapterTypeName="executor://mstestadapter/v4" className="AutomatizacionSauceDemo.CompraE2ETest" name="RealizarCompraExitosa_E2E" />
    </UnitTest>
  </TestDefinitions>
  <TestEntries>
    <TestEntry testId="149252d9-9c22-827a-affe-0d266b0e4aa8" executionId="41677c7d-a150-490e-8f68-2afe0fd1d7c3" testListId="8c84fa94-04c1-424b-9868-57a2d4851a1d" />
  </TestEntries>
  <TestLists>
    <TestList name="Resultados sin formato de lista" id="8c84fa94-04c1-424b-9868-57a2d4851a1d" />
    <TestList name="Todos los resultados cargados" id="19431567-8539-422a-85d7-44ee4e166bda" />
  </TestLists>
  <ResultSummary outcome="Completed">
    <Counters total="1" executed="1" passed="1" failed="0" error="0" timeout="0" aborted="0" inconclusive="0" passedButRunAborted="0" notRunnable="0" notExecuted="0" disconnected="0" warning="0" completed="0" inProgress="0" pending="0" />
  </ResultSummary>
</TestRun>